
2018-06-16 00:29:26-0000 [-] LockHandler on frastlin(account 1): access type 'examine' changed from 'examine:perm(Admin)' to 'examine:perm(Admin)' 
LockHandler on frastlin(account 1): access type 'edit' changed from 'edit:perm(Admin)' to 'edit:perm(Admin)' 
LockHandler on frastlin(account 1): access type 'delete' changed from 'delete:perm(Admin)' to 'delete:perm(Admin)' 
LockHandler on frastlin(account 1): access type 'boot' changed from 'boot:perm(Admin)' to 'boot:perm(Admin)' 
LockHandler on frastlin(account 1): access type 'msg' changed from 'msg:all()' to 'msg:all()' 
LockHandler on frastlin(account 1): access type 'noidletimeout' changed from 'noidletimeout:perm(Builder) or perm(noidletimeout)' to 'noidletimeout:perm(Builder) or perm(noidletimeout)'
2018-06-16 00:29:26-0000 [-] LockHandler on frastlin(account 1): access type 'examine' changed from 'examine:perm(Admin)' to 'examine:perm(Developer)' 
LockHandler on frastlin(account 1): access type 'edit' changed from 'edit:perm(Admin)' to 'edit:false()' 
LockHandler on frastlin(account 1): access type 'delete' changed from 'delete:perm(Admin)' to 'delete:false()' 
LockHandler on frastlin(account 1): access type 'boot' changed from 'boot:perm(Admin)' to 'boot:false()' 
LockHandler on frastlin(account 1): access type 'msg' changed from 'msg:all()' to 'msg:all()'
2018-06-16 00:29:26-0000 [-] LockHandler on frastlin: access type 'get' changed from 'get:all()' to 'get:false()' 
LockHandler on frastlin: access type 'call' changed from 'call:true()' to 'call:false()'
2018-06-16 00:29:26-0000 [-] LockHandler on frastlin: access type 'examine' changed from 'examine:perm(Builder)' to 'examine:perm(Developer)' 
LockHandler on frastlin: access type 'edit' changed from 'edit:perm(Admin)' to 'edit:false()' 
LockHandler on frastlin: access type 'delete' changed from 'delete:perm(Admin)' to 'delete:false()' 
LockHandler on frastlin: access type 'puppet' changed from 'puppet:pperm(Developer)' to 'puppet:false()'
2018-06-16 00:29:26-0000 [-] LockHandler on Limbo: access type 'get' changed from 'get:all()' to 'get:false()' 
LockHandler on Limbo: access type 'puppet' changed from 'puppet:pperm(Developer)' to 'puppet:false()'
2018-06-16 00:33:43-0000 [-] LockHandler on Intro: access type 'get' changed from 'get:all()' to 'get:false()' 
LockHandler on Intro: access type 'puppet' changed from 'puppet:pperm(Developer)' to 'puppet:false()'
2018-06-16 00:33:43-0000 [-] LockHandler on Intro: access type 'control' changed from 'control:perm(Developer)' to 'control:id(1) or perm(Admin)' 
LockHandler on Intro: access type 'delete' changed from 'delete:perm(Admin)' to ' delete:id(1) or perm(Admin)' 
LockHandler on Intro: access type 'edit' changed from 'edit:perm(Admin)' to ' edit:id(1) or perm(Admin)'
2018-06-16 00:33:43-0000 [-] LockHandler on tutorial: access type 'puppet' changed from 'puppet:pperm(Developer)' to 'puppet:false()' 
LockHandler on tutorial: access type 'get' changed from 'get:all()' to 'get:false()'
2018-06-16 00:33:43-0000 [-] LockHandler on Leaving Tutorial: access type 'get' changed from 'get:all()' to 'get:false()' 
LockHandler on Leaving Tutorial: access type 'puppet' changed from 'puppet:pperm(Developer)' to 'puppet:false()'
2018-06-16 00:33:43-0000 [-] LockHandler on Leaving Tutorial: access type 'control' changed from 'control:perm(Developer)' to 'control:id(1) or perm(Admin)' 
LockHandler on Leaving Tutorial: access type 'delete' changed from 'delete:perm(Admin)' to ' delete:id(1) or perm(Admin)' 
LockHandler on Leaving Tutorial: access type 'edit' changed from 'edit:perm(Admin)' to ' edit:id(1) or perm(Admin)'
2018-06-16 00:33:43-0000 [-] LockHandler on exit tutorial: access type 'puppet' changed from 'puppet:pperm(Developer)' to 'puppet:false()' 
LockHandler on exit tutorial: access type 'get' changed from 'get:all()' to 'get:false()'
2018-06-16 00:33:43-0000 [-] LockHandler on exit tutorial: access type 'control' changed from 'control:perm(Developer)' to 'control:id(1) or perm(Admin)' 
LockHandler on exit tutorial: access type 'delete' changed from 'delete:perm(Admin)' to ' delete:id(1) or perm(Admin)' 
LockHandler on exit tutorial: access type 'edit' changed from 'edit:perm(Admin)' to ' edit:id(1) or perm(Admin)'
2018-06-16 00:33:44-0000 [-] LockHandler on start again: access type 'puppet' changed from 'puppet:pperm(Developer)' to 'puppet:false()' 
LockHandler on start again: access type 'get' changed from 'get:all()' to 'get:false()'
2018-06-16 00:33:44-0000 [-] LockHandler on start again: access type 'control' changed from 'control:perm(Developer)' to 'control:id(1) or perm(Admin)' 
LockHandler on start again: access type 'delete' changed from 'delete:perm(Admin)' to ' delete:id(1) or perm(Admin)' 
LockHandler on start again: access type 'edit' changed from 'edit:perm(Admin)' to ' edit:id(1) or perm(Admin)'
2018-06-16 00:33:44-0000 [-] LockHandler on exit: access type 'puppet' changed from 'puppet:pperm(Developer)' to 'puppet:false()' 
LockHandler on exit: access type 'get' changed from 'get:all()' to 'get:false()'
2018-06-16 00:33:44-0000 [-] LockHandler on Cliff by the coast: access type 'get' changed from 'get:all()' to 'get:false()' 
LockHandler on Cliff by the coast: access type 'puppet' changed from 'puppet:pperm(Developer)' to 'puppet:false()'
2018-06-16 00:33:44-0000 [-] LockHandler on Cliff by the coast: access type 'control' changed from 'control:perm(Developer)' to 'control:id(1) or perm(Admin)' 
LockHandler on Cliff by the coast: access type 'delete' changed from 'delete:perm(Admin)' to ' delete:id(1) or perm(Admin)' 
LockHandler on Cliff by the coast: access type 'edit' changed from 'edit:perm(Admin)' to ' edit:id(1) or perm(Admin)'
2018-06-16 00:33:44-0000 [-] LockHandler on begin adventure: access type 'puppet' changed from 'puppet:pperm(Developer)' to 'puppet:false()' 
LockHandler on begin adventure: access type 'get' changed from 'get:all()' to 'get:false()'
2018-06-16 00:33:44-0000 [-] LockHandler on begin adventure: access type 'control' changed from 'control:perm(Developer)' to 'control:id(1) or perm(Admin)' 
LockHandler on begin adventure: access type 'delete' changed from 'delete:perm(Admin)' to ' delete:id(1) or perm(Admin)' 
LockHandler on begin adventure: access type 'edit' changed from 'edit:perm(Admin)' to ' edit:id(1) or perm(Admin)'
2018-06-16 00:33:44-0000 [-] LockHandler on Old well: access type 'control' changed from 'control:perm(Developer)' to 'control:id(1) or perm(Admin)' 
LockHandler on Old well: access type 'delete' changed from 'delete:perm(Admin)' to 'delete:id(1) or perm(Admin)'
2018-06-16 00:33:44-0000 [-] LockHandler on Old well: access type 'get' changed from 'get:all()' to 'get:false()'
2018-06-16 00:33:44-0000 [-] LockHandler on Wooden sign: access type 'control' changed from 'control:perm(Developer)' to 'control:id(1) or perm(Admin)' 
LockHandler on Wooden sign: access type 'delete' changed from 'delete:perm(Admin)' to 'delete:id(1) or perm(Admin)'
2018-06-16 00:33:44-0000 [-] LockHandler on Wooden sign: access type 'get' changed from 'get:all()' to 'get:false()'
2018-06-16 00:33:44-0000 [-] LockHandler on gnarled old trees: access type 'control' changed from 'control:perm(Developer)' to 'control:id(1) or perm(Admin)' 
LockHandler on gnarled old trees: access type 'delete' changed from 'delete:perm(Admin)' to 'delete:id(1) or perm(Admin)'
2018-06-16 00:33:44-0000 [-] LockHandler on gnarled old trees: access type 'get' changed from 'get:all()' to 'get:false()'
2018-06-16 00:33:44-0000 [-] LockHandler on Outside Evennia Inn: access type 'get' changed from 'get:all()' to 'get:false()' 
LockHandler on Outside Evennia Inn: access type 'puppet' changed from 'puppet:pperm(Developer)' to 'puppet:false()'
2018-06-16 00:33:44-0000 [-] LockHandler on Outside Evennia Inn: access type 'control' changed from 'control:perm(Developer)' to 'control:id(1) or perm(Admin)' 
LockHandler on Outside Evennia Inn: access type 'delete' changed from 'delete:perm(Admin)' to ' delete:id(1) or perm(Admin)' 
LockHandler on Outside Evennia Inn: access type 'edit' changed from 'edit:perm(Admin)' to ' edit:id(1) or perm(Admin)'
2018-06-16 00:33:44-0000 [-] LockHandler on northern path: access type 'puppet' changed from 'puppet:pperm(Developer)' to 'puppet:false()' 
LockHandler on northern path: access type 'get' changed from 'get:all()' to 'get:false()'
2018-06-16 00:33:44-0000 [-] LockHandler on northern path: access type 'control' changed from 'control:perm(Developer)' to 'control:id(1) or perm(Admin)' 
LockHandler on northern path: access type 'delete' changed from 'delete:perm(Admin)' to ' delete:id(1) or perm(Admin)' 
LockHandler on northern path: access type 'edit' changed from 'edit:perm(Admin)' to ' edit:id(1) or perm(Admin)'
2018-06-16 00:33:44-0000 [-] LockHandler on back to cliff: access type 'puppet' changed from 'puppet:pperm(Developer)' to 'puppet:false()' 
LockHandler on back to cliff: access type 'get' changed from 'get:all()' to 'get:false()'
2018-06-16 00:33:44-0000 [-] LockHandler on back to cliff: access type 'control' changed from 'control:perm(Developer)' to 'control:id(1) or perm(Admin)' 
LockHandler on back to cliff: access type 'delete' changed from 'delete:perm(Admin)' to ' delete:id(1) or perm(Admin)' 
LockHandler on back to cliff: access type 'edit' changed from 'edit:perm(Admin)' to ' edit:id(1) or perm(Admin)'
2018-06-16 00:33:44-0000 [-] LockHandler on northern path: access type 'view' changed from 'view:all()' to 'view:tag(tutorial_climbed_tree, tutorial_world) ' 
LockHandler on northern path: access type 'traverse' changed from 'traverse:all()' to ' traverse:tag(tutorial_climbed_tree, tutorial_world)'
2018-06-16 00:33:44-0000 [-] LockHandler on The Evennia Inn: access type 'get' changed from 'get:all()' to 'get:false()' 
LockHandler on The Evennia Inn: access type 'puppet' changed from 'puppet:pperm(Developer)' to 'puppet:false()'
2018-06-16 00:33:44-0000 [-] LockHandler on The Evennia Inn: access type 'control' changed from 'control:perm(Developer)' to 'control:id(1) or perm(Admin)' 
LockHandler on The Evennia Inn: access type 'delete' changed from 'delete:perm(Admin)' to ' delete:id(1) or perm(Admin)' 
LockHandler on The Evennia Inn: access type 'edit' changed from 'edit:perm(Admin)' to ' edit:id(1) or perm(Admin)'
2018-06-16 00:33:44-0000 [-] LockHandler on enter: access type 'puppet' changed from 'puppet:pperm(Developer)' to 'puppet:false()' 
LockHandler on enter: access type 'get' changed from 'get:all()' to 'get:false()'
2018-06-16 00:33:44-0000 [-] LockHandler on enter: access type 'control' changed from 'control:perm(Developer)' to 'control:id(1) or perm(Admin)' 
LockHandler on enter: access type 'delete' changed from 'delete:perm(Admin)' to ' delete:id(1) or perm(Admin)' 
LockHandler on enter: access type 'edit' changed from 'edit:perm(Admin)' to ' edit:id(1) or perm(Admin)'
2018-06-16 00:33:44-0000 [-] LockHandler on leave: access type 'puppet' changed from 'puppet:pperm(Developer)' to 'puppet:false()' 
LockHandler on leave: access type 'get' changed from 'get:all()' to 'get:false()'
2018-06-16 00:33:44-0000 [-] LockHandler on leave: access type 'control' changed from 'control:perm(Developer)' to 'control:id(1) or perm(Admin)' 
LockHandler on leave: access type 'delete' changed from 'delete:perm(Admin)' to ' delete:id(1) or perm(Admin)' 
LockHandler on leave: access type 'edit' changed from 'edit:perm(Admin)' to ' edit:id(1) or perm(Admin)'
2018-06-16 00:33:44-0000 [-] LockHandler on barrel: access type 'control' changed from 'control:perm(Developer)' to 'control:id(1) or perm(Admin)' 
LockHandler on barrel: access type 'delete' changed from 'delete:perm(Admin)' to 'delete:id(1) or perm(Admin)'
2018-06-16 00:33:44-0000 [-] LockHandler on barrel: access type 'get' changed from 'get:all()' to 'get:false()'
2018-06-16 00:33:44-0000 [-] LockHandler on The old bridge: access type 'get' changed from 'get:all()' to 'get:false()' 
LockHandler on The old bridge: access type 'puppet' changed from 'puppet:pperm(Developer)' to 'puppet:false()'
2018-06-16 00:33:44-0000 [-] LockHandler on The old bridge: access type 'view' changed from 'view:all()' to 'view:false()'
2018-06-16 00:33:44-0000 [-] LockHandler on The old bridge: access type 'control' changed from 'control:perm(Developer)' to 'control:id(1) or perm(Admin)' 
LockHandler on The old bridge: access type 'delete' changed from 'delete:perm(Admin)' to ' delete:id(1) or perm(Admin)' 
LockHandler on The old bridge: access type 'edit' changed from 'edit:perm(Admin)' to ' edit:id(1) or perm(Admin)'
2018-06-16 00:33:44-0000 [-] LockHandler on old bridge: access type 'puppet' changed from 'puppet:pperm(Developer)' to 'puppet:false()' 
LockHandler on old bridge: access type 'get' changed from 'get:all()' to 'get:false()'
2018-06-16 00:33:44-0000 [-] LockHandler on old bridge: access type 'control' changed from 'control:perm(Developer)' to 'control:id(1) or perm(Admin)' 
LockHandler on old bridge: access type 'delete' changed from 'delete:perm(Admin)' to ' delete:id(1) or perm(Admin)' 
LockHandler on old bridge: access type 'edit' changed from 'edit:perm(Admin)' to ' edit:id(1) or perm(Admin)'
2018-06-16 00:33:44-0000 [-] LockHandler on Protruding ledge: access type 'get' changed from 'get:all()' to 'get:false()' 
LockHandler on Protruding ledge: access type 'puppet' changed from 'puppet:pperm(Developer)' to 'puppet:false()'
2018-06-16 00:33:44-0000 [-] LockHandler on Protruding ledge: access type 'control' changed from 'control:perm(Developer)' to 'control:id(1) or perm(Admin)' 
LockHandler on Protruding ledge: access type 'delete' changed from 'delete:perm(Admin)' to ' delete:id(1) or perm(Admin)' 
LockHandler on Protruding ledge: access type 'edit' changed from 'edit:perm(Admin)' to ' edit:id(1) or perm(Admin)'
2018-06-16 00:33:44-0000 [-] LockHandler on Underground passages: access type 'get' changed from 'get:all()' to 'get:false()' 
LockHandler on Underground passages: access type 'puppet' changed from 'puppet:pperm(Developer)' to 'puppet:false()'
2018-06-16 00:33:44-0000 [-] LockHandler on Underground passages: access type 'control' changed from 'control:perm(Developer)' to 'control:id(1) or perm(Admin)' 
LockHandler on Underground passages: access type 'delete' changed from 'delete:perm(Admin)' to ' delete:id(1) or perm(Admin)' 
LockHandler on Underground passages: access type 'edit' changed from 'edit:perm(Admin)' to ' edit:id(1) or perm(Admin)'
2018-06-16 00:33:44-0000 [-] LockHandler on hole into cliff: access type 'puppet' changed from 'puppet:pperm(Developer)' to 'puppet:false()' 
LockHandler on hole into cliff: access type 'get' changed from 'get:all()' to 'get:false()'
2018-06-16 00:33:44-0000 [-] LockHandler on hole into cliff: access type 'control' changed from 'control:perm(Developer)' to 'control:id(1) or perm(Admin)' 
LockHandler on hole into cliff: access type 'delete' changed from 'delete:perm(Admin)' to ' delete:id(1) or perm(Admin)' 
LockHandler on hole into cliff: access type 'edit' changed from 'edit:perm(Admin)' to ' edit:id(1) or perm(Admin)'
2018-06-16 00:33:44-0000 [-] LockHandler on climb the chain: access type 'puppet' changed from 'puppet:pperm(Developer)' to 'puppet:false()' 
LockHandler on climb the chain: access type 'get' changed from 'get:all()' to 'get:false()'
2018-06-16 00:33:44-0000 [-] LockHandler on Dark cell: access type 'get' changed from 'get:all()' to 'get:false()' 
LockHandler on Dark cell: access type 'puppet' changed from 'puppet:pperm(Developer)' to 'puppet:false()'
2018-06-16 00:33:44-0000 [-] LockHandler on Dark cell: access type 'control' changed from 'control:perm(Developer)' to 'control:id(1) or perm(Admin)' 
LockHandler on Dark cell: access type 'delete' changed from 'delete:perm(Admin)' to ' delete:id(1) or perm(Admin)' 
LockHandler on Dark cell: access type 'edit' changed from 'edit:perm(Admin)' to ' edit:id(1) or perm(Admin)'
2018-06-16 00:33:44-0000 [-] LockHandler on Dark cell: access type 'view' changed from 'view:all()' to 'view:all()'
2018-06-16 00:33:44-0000 [-] LockHandler on root-covered wall: access type 'puppet' changed from 'puppet:pperm(Developer)' to 'puppet:false()' 
LockHandler on root-covered wall: access type 'get' changed from 'get:all()' to 'get:false()'
2018-06-16 00:33:44-0000 [-] LockHandler on root-covered wall: access type 'traverse' changed from 'traverse:all()' to 'traverse:objattr(exit_open)'
2018-06-16 00:33:44-0000 [-] LockHandler on root-covered wall: access type 'control' changed from 'control:perm(Developer)' to 'control:id(1) or perm(Admin)' 
LockHandler on root-covered wall: access type 'delete' changed from 'delete:perm(Admin)' to 'delete:id(1) or perm(Admin)'
2018-06-16 00:33:44-0000 [-] LockHandler on root-covered wall: access type 'get' changed from 'get:false()' to 'get:false()'
2018-06-16 00:33:44-0000 [-] LockHandler on Dark cell: access type 'view' changed from 'view:all()' to 'view:false()'
2018-06-16 00:33:44-0000 [-] LockHandler on Ruined gatehouse: access type 'get' changed from 'get:all()' to 'get:false()' 
LockHandler on Ruined gatehouse: access type 'puppet' changed from 'puppet:pperm(Developer)' to 'puppet:false()'
2018-06-16 00:33:44-0000 [-] LockHandler on Ruined gatehouse: access type 'control' changed from 'control:perm(Developer)' to 'control:id(1) or perm(Admin)' 
LockHandler on Ruined gatehouse: access type 'delete' changed from 'delete:perm(Admin)' to ' delete:id(1) or perm(Admin)' 
LockHandler on Ruined gatehouse: access type 'edit' changed from 'edit:perm(Admin)' to ' edit:id(1) or perm(Admin)'
2018-06-16 00:33:44-0000 [-] LockHandler on Bridge over the abyss: access type 'puppet' changed from 'puppet:pperm(Developer)' to 'puppet:false()' 
LockHandler on Bridge over the abyss: access type 'get' changed from 'get:all()' to 'get:false()'
2018-06-16 00:33:44-0000 [-] LockHandler on Bridge over the abyss: access type 'control' changed from 'control:perm(Developer)' to 'control:id(1) or perm(Admin)' 
LockHandler on Bridge over the abyss: access type 'delete' changed from 'delete:perm(Admin)' to ' delete:id(1) or perm(Admin)' 
LockHandler on Bridge over the abyss: access type 'edit' changed from 'edit:perm(Admin)' to ' edit:id(1) or perm(Admin)'
2018-06-16 00:33:44-0000 [-] LockHandler on Along inner wall: access type 'get' changed from 'get:all()' to 'get:false()' 
LockHandler on Along inner wall: access type 'puppet' changed from 'puppet:pperm(Developer)' to 'puppet:false()'
2018-06-16 00:33:44-0000 [-] LockHandler on Along inner wall: access type 'control' changed from 'control:perm(Developer)' to 'control:id(1) or perm(Admin)' 
LockHandler on Along inner wall: access type 'delete' changed from 'delete:perm(Admin)' to ' delete:id(1) or perm(Admin)' 
LockHandler on Along inner wall: access type 'edit' changed from 'edit:perm(Admin)' to ' edit:id(1) or perm(Admin)'
2018-06-16 00:33:44-0000 [-] LockHandler on Standing archway: access type 'puppet' changed from 'puppet:pperm(Developer)' to 'puppet:false()' 
LockHandler on Standing archway: access type 'get' changed from 'get:all()' to 'get:false()'
2018-06-16 00:33:44-0000 [-] LockHandler on Standing archway: access type 'control' changed from 'control:perm(Developer)' to 'control:id(1) or perm(Admin)' 
LockHandler on Standing archway: access type 'delete' changed from 'delete:perm(Admin)' to ' delete:id(1) or perm(Admin)' 
LockHandler on Standing archway: access type 'edit' changed from 'edit:perm(Admin)' to ' edit:id(1) or perm(Admin)'
2018-06-16 00:33:44-0000 [-] LockHandler on ruined gatehouse: access type 'puppet' changed from 'puppet:pperm(Developer)' to 'puppet:false()' 
LockHandler on ruined gatehouse: access type 'get' changed from 'get:all()' to 'get:false()'
2018-06-16 00:33:44-0000 [-] LockHandler on ruined gatehouse: access type 'control' changed from 'control:perm(Developer)' to 'control:id(1) or perm(Admin)' 
LockHandler on ruined gatehouse: access type 'delete' changed from 'delete:perm(Admin)' to ' delete:id(1) or perm(Admin)' 
LockHandler on ruined gatehouse: access type 'edit' changed from 'edit:perm(Admin)' to ' edit:id(1) or perm(Admin)'
2018-06-16 00:33:44-0000 [-] LockHandler on Corner of castle ruins: access type 'get' changed from 'get:all()' to 'get:false()' 
LockHandler on Corner of castle ruins: access type 'puppet' changed from 'puppet:pperm(Developer)' to 'puppet:false()'
2018-06-16 00:33:45-0000 [-] LockHandler on Corner of castle ruins: access type 'control' changed from 'control:perm(Developer)' to 'control:id(1) or perm(Admin)' 
LockHandler on Corner of castle ruins: access type 'delete' changed from 'delete:perm(Admin)' to ' delete:id(1) or perm(Admin)' 
LockHandler on Corner of castle ruins: access type 'edit' changed from 'edit:perm(Admin)' to ' edit:id(1) or perm(Admin)'
2018-06-16 00:33:45-0000 [-] LockHandler on castle corner: access type 'puppet' changed from 'puppet:pperm(Developer)' to 'puppet:false()' 
LockHandler on castle corner: access type 'get' changed from 'get:all()' to 'get:false()'
2018-06-16 00:33:45-0000 [-] LockHandler on castle corner: access type 'control' changed from 'control:perm(Developer)' to 'control:id(1) or perm(Admin)' 
LockHandler on castle corner: access type 'delete' changed from 'delete:perm(Admin)' to ' delete:id(1) or perm(Admin)' 
LockHandler on castle corner: access type 'edit' changed from 'edit:perm(Admin)' to ' edit:id(1) or perm(Admin)'
2018-06-16 00:33:45-0000 [-] LockHandler on gatehouse: access type 'puppet' changed from 'puppet:pperm(Developer)' to 'puppet:false()' 
LockHandler on gatehouse: access type 'get' changed from 'get:all()' to 'get:false()'
2018-06-16 00:33:45-0000 [-] LockHandler on gatehouse: access type 'control' changed from 'control:perm(Developer)' to 'control:id(1) or perm(Admin)' 
LockHandler on gatehouse: access type 'delete' changed from 'delete:perm(Admin)' to ' delete:id(1) or perm(Admin)' 
LockHandler on gatehouse: access type 'edit' changed from 'edit:perm(Admin)' to ' edit:id(1) or perm(Admin)'
2018-06-16 00:33:45-0000 [-] LockHandler on obelisk: access type 'get' changed from 'get:all()' to 'get:false()'
2018-06-16 00:33:45-0000 [-] LockHandler on obelisk: access type 'control' changed from 'control:perm(Developer)' to 'control:id(1) or perm(Admin)' 
LockHandler on obelisk: access type 'delete' changed from 'delete:perm(Admin)' to 'delete:id(1) or perm(Admin)'
2018-06-16 00:33:45-0000 [-] LockHandler on obelisk: access type 'get' changed from 'get:false()' to 'get:false()'
2018-06-16 00:33:45-0000 [-] LockHandler on Ghostly apparition: access type 'control' changed from 'control:perm(Developer)' to 'control:id(1) or perm(Admin)' 
LockHandler on Ghostly apparition: access type 'delete' changed from 'delete:perm(Admin)' to 'delete:id(1) or perm(Admin)'
2018-06-16 00:33:45-0000 [-] LockHandler on Ghostly apparition: access type 'get' changed from 'get:all()' to 'get:false()'
2018-06-16 00:33:45-0000 [-] LockHandler on foggy tentacles: access type 'control' changed from 'control:perm(Developer)' to 'control:id(1) or perm(Admin)' 
LockHandler on foggy tentacles: access type 'delete' changed from 'delete:perm(Admin)' to 'delete:id(1) or perm(Admin)'
2018-06-16 00:33:45-0000 [-] LockHandler on Overgrown courtyard: access type 'get' changed from 'get:all()' to 'get:false()' 
LockHandler on Overgrown courtyard: access type 'puppet' changed from 'puppet:pperm(Developer)' to 'puppet:false()'
2018-06-16 00:33:45-0000 [-] LockHandler on Overgrown courtyard: access type 'control' changed from 'control:perm(Developer)' to 'control:id(1) or perm(Admin)' 
LockHandler on Overgrown courtyard: access type 'delete' changed from 'delete:perm(Admin)' to ' delete:id(1) or perm(Admin)' 
LockHandler on Overgrown courtyard: access type 'edit' changed from 'edit:perm(Admin)' to ' edit:id(1) or perm(Admin)'
2018-06-16 00:33:45-0000 [-] LockHandler on courtyard: access type 'puppet' changed from 'puppet:pperm(Developer)' to 'puppet:false()' 
LockHandler on courtyard: access type 'get' changed from 'get:all()' to 'get:false()'
2018-06-16 00:33:45-0000 [-] LockHandler on courtyard: access type 'control' changed from 'control:perm(Developer)' to 'control:id(1) or perm(Admin)' 
LockHandler on courtyard: access type 'delete' changed from 'delete:perm(Admin)' to ' delete:id(1) or perm(Admin)' 
LockHandler on courtyard: access type 'edit' changed from 'edit:perm(Admin)' to ' edit:id(1) or perm(Admin)'
2018-06-16 00:33:45-0000 [-] LockHandler on castle corner: access type 'puppet' changed from 'puppet:pperm(Developer)' to 'puppet:false()' 
LockHandler on castle corner: access type 'get' changed from 'get:all()' to 'get:false()'
2018-06-16 00:33:45-0000 [-] LockHandler on castle corner: access type 'control' changed from 'control:perm(Developer)' to 'control:id(1) or perm(Admin)' 
LockHandler on castle corner: access type 'delete' changed from 'delete:perm(Admin)' to ' delete:id(1) or perm(Admin)' 
LockHandler on castle corner: access type 'edit' changed from 'edit:perm(Admin)' to ' edit:id(1) or perm(Admin)'
2018-06-16 00:33:45-0000 [-] LockHandler on along inner wall: access type 'puppet' changed from 'puppet:pperm(Developer)' to 'puppet:false()' 
LockHandler on along inner wall: access type 'get' changed from 'get:all()' to 'get:false()'
2018-06-16 00:33:45-0000 [-] LockHandler on overgrown courtyard: access type 'puppet' changed from 'puppet:pperm(Developer)' to 'puppet:false()' 
LockHandler on overgrown courtyard: access type 'get' changed from 'get:all()' to 'get:false()'
2018-06-16 00:33:45-0000 [-] LockHandler on The ruined temple: access type 'get' changed from 'get:all()' to 'get:false()' 
LockHandler on The ruined temple: access type 'puppet' changed from 'puppet:pperm(Developer)' to 'puppet:false()'
2018-06-16 00:33:45-0000 [-] LockHandler on The ruined temple: access type 'control' changed from 'control:perm(Developer)' to 'control:id(1) or perm(Admin)' 
LockHandler on The ruined temple: access type 'delete' changed from 'delete:perm(Admin)' to ' delete:id(1) or perm(Admin)' 
LockHandler on The ruined temple: access type 'edit' changed from 'edit:perm(Admin)' to ' edit:id(1) or perm(Admin)'
2018-06-16 00:33:45-0000 [-] LockHandler on ruined temple: access type 'puppet' changed from 'puppet:pperm(Developer)' to 'puppet:false()' 
LockHandler on ruined temple: access type 'get' changed from 'get:all()' to 'get:false()'
2018-06-16 00:33:45-0000 [-] LockHandler on ruined temple: access type 'control' changed from 'control:perm(Developer)' to 'control:id(1) or perm(Admin)' 
LockHandler on ruined temple: access type 'delete' changed from 'delete:perm(Admin)' to ' delete:id(1) or perm(Admin)' 
LockHandler on ruined temple: access type 'edit' changed from 'edit:perm(Admin)' to ' edit:id(1) or perm(Admin)'
2018-06-16 00:33:45-0000 [-] LockHandler on overgrown courtyard: access type 'puppet' changed from 'puppet:pperm(Developer)' to 'puppet:false()' 
LockHandler on overgrown courtyard: access type 'get' changed from 'get:all()' to 'get:false()'
2018-06-16 00:33:45-0000 [-] LockHandler on overgrown courtyard: access type 'control' changed from 'control:perm(Developer)' to 'control:id(1) or perm(Admin)' 
LockHandler on overgrown courtyard: access type 'delete' changed from 'delete:perm(Admin)' to ' delete:id(1) or perm(Admin)' 
LockHandler on overgrown courtyard: access type 'edit' changed from 'edit:perm(Admin)' to ' edit:id(1) or perm(Admin)'
2018-06-16 00:33:45-0000 [-] LockHandler on Antechamber: access type 'get' changed from 'get:all()' to 'get:false()' 
LockHandler on Antechamber: access type 'puppet' changed from 'puppet:pperm(Developer)' to 'puppet:false()'
2018-06-16 00:33:45-0000 [-] LockHandler on Antechamber: access type 'control' changed from 'control:perm(Developer)' to 'control:id(1) or perm(Admin)' 
LockHandler on Antechamber: access type 'delete' changed from 'delete:perm(Admin)' to ' delete:id(1) or perm(Admin)' 
LockHandler on Antechamber: access type 'edit' changed from 'edit:perm(Admin)' to ' edit:id(1) or perm(Admin)'
2018-06-16 00:33:45-0000 [-] LockHandler on stairs down: access type 'puppet' changed from 'puppet:pperm(Developer)' to 'puppet:false()' 
LockHandler on stairs down: access type 'get' changed from 'get:all()' to 'get:false()'
2018-06-16 00:33:45-0000 [-] LockHandler on stairs down: access type 'control' changed from 'control:perm(Developer)' to 'control:id(1) or perm(Admin)' 
LockHandler on stairs down: access type 'delete' changed from 'delete:perm(Admin)' to ' delete:id(1) or perm(Admin)' 
LockHandler on stairs down: access type 'edit' changed from 'edit:perm(Admin)' to ' edit:id(1) or perm(Admin)'
2018-06-16 00:33:45-0000 [-] LockHandler on up the stairs to ruined temple: access type 'puppet' changed from 'puppet:pperm(Developer)' to 'puppet:false()' 
LockHandler on up the stairs to ruined temple: access type 'get' changed from 'get:all()' to 'get:false()'
2018-06-16 00:33:45-0000 [-] LockHandler on up the stairs to ruined temple: access type 'control' changed from 'control:perm(Developer)' to 'control:id(1) or perm(Admin)' 
LockHandler on up the stairs to ruined temple: access type 'delete' changed from 'delete:perm(Admin)' to ' delete:id(1) or perm(Admin)' 
LockHandler on up the stairs to ruined temple: access type 'edit' changed from 'edit:perm(Admin)' to ' edit:id(1) or perm(Admin)'
2018-06-16 00:33:45-0000 [-] LockHandler on Blue bird tomb: access type 'get' changed from 'get:all()' to 'get:false()' 
LockHandler on Blue bird tomb: access type 'puppet' changed from 'puppet:pperm(Developer)' to 'puppet:false()'
2018-06-16 00:33:45-0000 [-] LockHandler on Blue bird tomb: access type 'control' changed from 'control:perm(Developer)' to 'control:id(1) or perm(Admin)' 
LockHandler on Blue bird tomb: access type 'delete' changed from 'delete:perm(Admin)' to ' delete:id(1) or perm(Admin)' 
LockHandler on Blue bird tomb: access type 'edit' changed from 'edit:perm(Admin)' to ' edit:id(1) or perm(Admin)'
2018-06-16 00:33:45-0000 [-] LockHandler on Blue bird tomb: access type 'puppet' changed from 'puppet:pperm(Developer)' to 'puppet:false()' 
LockHandler on Blue bird tomb: access type 'get' changed from 'get:all()' to 'get:false()'
2018-06-16 00:33:45-0000 [-] LockHandler on Blue bird tomb: access type 'control' changed from 'control:perm(Developer)' to 'control:id(1) or perm(Admin)' 
LockHandler on Blue bird tomb: access type 'delete' changed from 'delete:perm(Admin)' to ' delete:id(1) or perm(Admin)' 
LockHandler on Blue bird tomb: access type 'edit' changed from 'edit:perm(Admin)' to ' edit:id(1) or perm(Admin)'
2018-06-16 00:33:45-0000 [-] LockHandler on Tomb of woman on horse: access type 'get' changed from 'get:all()' to 'get:false()' 
LockHandler on Tomb of woman on horse: access type 'puppet' changed from 'puppet:pperm(Developer)' to 'puppet:false()'
2018-06-16 00:33:45-0000 [-] LockHandler on Tomb of woman on horse: access type 'control' changed from 'control:perm(Developer)' to 'control:id(1) or perm(Admin)' 
LockHandler on Tomb of woman on horse: access type 'delete' changed from 'delete:perm(Admin)' to ' delete:id(1) or perm(Admin)' 
LockHandler on Tomb of woman on horse: access type 'edit' changed from 'edit:perm(Admin)' to ' edit:id(1) or perm(Admin)'
2018-06-16 00:33:45-0000 [-] LockHandler on Tomb of woman on horse: access type 'puppet' changed from 'puppet:pperm(Developer)' to 'puppet:false()' 
LockHandler on Tomb of woman on horse: access type 'get' changed from 'get:all()' to 'get:false()'
2018-06-16 00:33:45-0000 [-] LockHandler on Tomb of woman on horse: access type 'control' changed from 'control:perm(Developer)' to 'control:id(1) or perm(Admin)' 
LockHandler on Tomb of woman on horse: access type 'delete' changed from 'delete:perm(Admin)' to ' delete:id(1) or perm(Admin)' 
LockHandler on Tomb of woman on horse: access type 'edit' changed from 'edit:perm(Admin)' to ' edit:id(1) or perm(Admin)'
2018-06-16 00:33:45-0000 [-] LockHandler on Tomb of the crowned queen: access type 'get' changed from 'get:all()' to 'get:false()' 
LockHandler on Tomb of the crowned queen: access type 'puppet' changed from 'puppet:pperm(Developer)' to 'puppet:false()'
2018-06-16 00:33:45-0000 [-] LockHandler on Tomb of the crowned queen: access type 'control' changed from 'control:perm(Developer)' to 'control:id(1) or perm(Admin)' 
LockHandler on Tomb of the crowned queen: access type 'delete' changed from 'delete:perm(Admin)' to ' delete:id(1) or perm(Admin)' 
LockHandler on Tomb of the crowned queen: access type 'edit' changed from 'edit:perm(Admin)' to ' edit:id(1) or perm(Admin)'
2018-06-16 00:33:45-0000 [-] LockHandler on Tomb of the crowned queen: access type 'puppet' changed from 'puppet:pperm(Developer)' to 'puppet:false()' 
LockHandler on Tomb of the crowned queen: access type 'get' changed from 'get:all()' to 'get:false()'
2018-06-16 00:33:45-0000 [-] LockHandler on Tomb of the crowned queen: access type 'control' changed from 'control:perm(Developer)' to 'control:id(1) or perm(Admin)' 
LockHandler on Tomb of the crowned queen: access type 'delete' changed from 'delete:perm(Admin)' to ' delete:id(1) or perm(Admin)' 
LockHandler on Tomb of the crowned queen: access type 'edit' changed from 'edit:perm(Admin)' to ' edit:id(1) or perm(Admin)'
2018-06-16 00:33:45-0000 [-] LockHandler on Tomb of the shield: access type 'get' changed from 'get:all()' to 'get:false()' 
LockHandler on Tomb of the shield: access type 'puppet' changed from 'puppet:pperm(Developer)' to 'puppet:false()'
2018-06-16 00:33:45-0000 [-] LockHandler on Tomb of the shield: access type 'control' changed from 'control:perm(Developer)' to 'control:id(1) or perm(Admin)' 
LockHandler on Tomb of the shield: access type 'delete' changed from 'delete:perm(Admin)' to ' delete:id(1) or perm(Admin)' 
LockHandler on Tomb of the shield: access type 'edit' changed from 'edit:perm(Admin)' to ' edit:id(1) or perm(Admin)'
2018-06-16 00:33:45-0000 [-] LockHandler on Tomb of the shield: access type 'puppet' changed from 'puppet:pperm(Developer)' to 'puppet:false()' 
LockHandler on Tomb of the shield: access type 'get' changed from 'get:all()' to 'get:false()'
2018-06-16 00:33:45-0000 [-] LockHandler on Tomb of the shield: access type 'control' changed from 'control:perm(Developer)' to 'control:id(1) or perm(Admin)' 
LockHandler on Tomb of the shield: access type 'delete' changed from 'delete:perm(Admin)' to ' delete:id(1) or perm(Admin)' 
LockHandler on Tomb of the shield: access type 'edit' changed from 'edit:perm(Admin)' to ' edit:id(1) or perm(Admin)'
2018-06-16 00:33:45-0000 [-] LockHandler on Tomb of the hero: access type 'get' changed from 'get:all()' to 'get:false()' 
LockHandler on Tomb of the hero: access type 'puppet' changed from 'puppet:pperm(Developer)' to 'puppet:false()'
2018-06-16 00:33:45-0000 [-] LockHandler on Tomb of the hero: access type 'control' changed from 'control:perm(Developer)' to 'control:id(1) or perm(Admin)' 
LockHandler on Tomb of the hero: access type 'delete' changed from 'delete:perm(Admin)' to ' delete:id(1) or perm(Admin)' 
LockHandler on Tomb of the hero: access type 'edit' changed from 'edit:perm(Admin)' to ' edit:id(1) or perm(Admin)'
2018-06-16 00:33:45-0000 [-] LockHandler on Tomb of the hero: access type 'puppet' changed from 'puppet:pperm(Developer)' to 'puppet:false()' 
LockHandler on Tomb of the hero: access type 'get' changed from 'get:all()' to 'get:false()'
2018-06-16 00:33:45-0000 [-] LockHandler on Tomb of the hero: access type 'control' changed from 'control:perm(Developer)' to 'control:id(1) or perm(Admin)' 
LockHandler on Tomb of the hero: access type 'delete' changed from 'delete:perm(Admin)' to ' delete:id(1) or perm(Admin)' 
LockHandler on Tomb of the hero: access type 'edit' changed from 'edit:perm(Admin)' to ' edit:id(1) or perm(Admin)'
2018-06-16 00:33:45-0000 [-] LockHandler on Ancient tomb: access type 'get' changed from 'get:all()' to 'get:false()' 
LockHandler on Ancient tomb: access type 'puppet' changed from 'puppet:pperm(Developer)' to 'puppet:false()'
2018-06-16 00:33:45-0000 [-] LockHandler on Ancient tomb: access type 'control' changed from 'control:perm(Developer)' to 'control:id(1) or perm(Admin)' 
LockHandler on Ancient tomb: access type 'delete' changed from 'delete:perm(Admin)' to ' delete:id(1) or perm(Admin)' 
LockHandler on Ancient tomb: access type 'edit' changed from 'edit:perm(Admin)' to ' edit:id(1) or perm(Admin)'
2018-06-16 00:33:45-0000 [-] LockHandler on back to antechamber: access type 'puppet' changed from 'puppet:pperm(Developer)' to 'puppet:false()' 
LockHandler on back to antechamber: access type 'get' changed from 'get:all()' to 'get:false()'
2018-06-16 00:33:45-0000 [-] LockHandler on back to antechamber: access type 'control' changed from 'control:perm(Developer)' to 'control:id(1) or perm(Admin)' 
LockHandler on back to antechamber: access type 'delete' changed from 'delete:perm(Admin)' to ' delete:id(1) or perm(Admin)' 
LockHandler on back to antechamber: access type 'edit' changed from 'edit:perm(Admin)' to ' edit:id(1) or perm(Admin)'
2018-06-16 00:33:45-0000 [-] LockHandler on Stone sarcophagus: access type 'control' changed from 'control:perm(Developer)' to 'control:id(1) or perm(Admin)' 
LockHandler on Stone sarcophagus: access type 'delete' changed from 'delete:perm(Admin)' to 'delete:id(1) or perm(Admin)'
2018-06-16 00:33:46-0000 [-] LockHandler on End of tutorial: access type 'get' changed from 'get:all()' to 'get:false()' 
LockHandler on End of tutorial: access type 'puppet' changed from 'puppet:pperm(Developer)' to 'puppet:false()'
2018-06-16 00:33:46-0000 [-] LockHandler on End of tutorial: access type 'control' changed from 'control:perm(Developer)' to 'control:id(1) or perm(Admin)' 
LockHandler on End of tutorial: access type 'delete' changed from 'delete:perm(Admin)' to ' delete:id(1) or perm(Admin)' 
LockHandler on End of tutorial: access type 'edit' changed from 'edit:perm(Admin)' to ' edit:id(1) or perm(Admin)'
2018-06-16 00:33:46-0000 [-] LockHandler on Exit tutorial: access type 'puppet' changed from 'puppet:pperm(Developer)' to 'puppet:false()' 
LockHandler on Exit tutorial: access type 'get' changed from 'get:all()' to 'get:false()'
2018-06-16 00:33:46-0000 [-] LockHandler on Exit tutorial: access type 'control' changed from 'control:perm(Developer)' to 'control:id(1) or perm(Admin)' 
LockHandler on Exit tutorial: access type 'delete' changed from 'delete:perm(Admin)' to ' delete:id(1) or perm(Admin)' 
LockHandler on Exit tutorial: access type 'edit' changed from 'edit:perm(Admin)' to ' edit:id(1) or perm(Admin)'
2018-06-16 00:33:46-0000 [-] LockHandler on Exit tutorial: access type 'view' changed from 'view:all()' to 'view:tag(rack_sarcophagus, tutorial_world) ' 
LockHandler on Exit tutorial: access type 'traverse' changed from 'traverse:all()' to ' traverse:tag(rack_sarcophagus, tutorial_world)'
2018-06-16 00:33:46-0000 [-] LockHandler on exit back to Limbo: access type 'puppet' changed from 'puppet:pperm(Developer)' to 'puppet:false()' 
LockHandler on exit back to Limbo: access type 'get' changed from 'get:all()' to 'get:false()'
2018-06-16 00:38:27-0000 [-] LockHandler on box: access type 'control' changed from 'control:perm(Developer)' to 'control:id(1) or perm(Admin)' 
LockHandler on box: access type 'delete' changed from 'delete:perm(Admin)' to 'delete:id(1) or perm(Admin)'
2018-06-16 00:41:58-0000 [-] LockHandler on very large box: access type 'get' changed from 'get:all()' to 'get: false()'
2018-06-16 00:45:10-0000 [-] LockHandler on house: access type 'get' changed from 'get:all()' to 'get:false()' 
LockHandler on house: access type 'puppet' changed from 'puppet:pperm(Developer)' to 'puppet:false()'
2018-06-16 00:45:10-0000 [-] LockHandler on house: access type 'control' changed from 'control:perm(Developer)' to 'control:id(1) or perm(Admin)' 
LockHandler on house: access type 'delete' changed from 'delete:perm(Admin)' to ' delete:id(1) or perm(Admin)' 
LockHandler on house: access type 'edit' changed from 'edit:perm(Admin)' to ' edit:id(1) or perm(Admin)'
2018-06-16 00:45:10-0000 [-] LockHandler on large red door: access type 'puppet' changed from 'puppet:pperm(Developer)' to 'puppet:false()' 
LockHandler on large red door: access type 'get' changed from 'get:all()' to 'get:false()'
2018-06-16 00:45:10-0000 [-] LockHandler on large red door: access type 'control' changed from 'control:perm(Developer)' to 'control:id(1) or perm(Admin)' 
LockHandler on large red door: access type 'delete' changed from 'delete:perm(Admin)' to ' delete:id(1) or perm(Admin)' 
LockHandler on large red door: access type 'edit' changed from 'edit:perm(Admin)' to ' edit:id(1) or perm(Admin)'
2018-06-16 00:45:21-0000 [-] LockHandler on house: access type 'get' changed from 'get:all()' to 'get:false()' 
LockHandler on house: access type 'puppet' changed from 'puppet:pperm(Developer)' to 'puppet:false()'
2018-06-16 00:45:21-0000 [-] LockHandler on house: access type 'control' changed from 'control:perm(Developer)' to 'control:id(1) or perm(Admin)' 
LockHandler on house: access type 'delete' changed from 'delete:perm(Admin)' to ' delete:id(1) or perm(Admin)' 
LockHandler on house: access type 'edit' changed from 'edit:perm(Admin)' to ' edit:id(1) or perm(Admin)'
2018-06-16 00:45:21-0000 [-] LockHandler on large red door: access type 'puppet' changed from 'puppet:pperm(Developer)' to 'puppet:false()' 
LockHandler on large red door: access type 'get' changed from 'get:all()' to 'get:false()'
2018-06-16 00:45:21-0000 [-] LockHandler on large red door: access type 'control' changed from 'control:perm(Developer)' to 'control:id(1) or perm(Admin)' 
LockHandler on large red door: access type 'delete' changed from 'delete:perm(Admin)' to ' delete:id(1) or perm(Admin)' 
LockHandler on large red door: access type 'edit' changed from 'edit:perm(Admin)' to ' edit:id(1) or perm(Admin)'
2018-06-16 00:45:21-0000 [-] LockHandler on to the outside: access type 'puppet' changed from 'puppet:pperm(Developer)' to 'puppet:false()' 
LockHandler on to the outside: access type 'get' changed from 'get:all()' to 'get:false()'
2018-06-16 00:45:21-0000 [-] LockHandler on to the outside: access type 'control' changed from 'control:perm(Developer)' to 'control:id(1) or perm(Admin)' 
LockHandler on to the outside: access type 'delete' changed from 'delete:perm(Admin)' to ' delete:id(1) or perm(Admin)' 
LockHandler on to the outside: access type 'edit' changed from 'edit:perm(Admin)' to ' edit:id(1) or perm(Admin)'
2018-06-16 00:51:41-0000 [-] LockHandler on Dark cell: access type 'view' changed from 'view:false()' to 'view:false()'
2018-06-16 00:52:14-0000 [-] LockHandler on Dark cell: access type 'view' changed from 'view:false()' to 'view:all()'
2018-06-16 00:55:14-0000 [-] LockHandler on Dark cell: access type 'view' changed from 'view:all()' to 'view:false()'
2018-06-16 00:55:33-0000 [-] LockHandler on Dark cell: access type 'view' changed from 'view:false()' to 'view:all()'
2018-06-16 00:57:10-0000 [-] LockHandler on Dark cell: access type 'view' changed from 'view:all()' to 'view:false()'
2018-06-16 00:59:05-0000 [-] LockHandler on Dark cell: access type 'view' changed from 'view:false()' to 'view:false()'
2018-06-16 00:59:29-0000 [-] LockHandler on Dark cell: access type 'view' changed from 'view:false()' to 'view:all()'
2018-06-16 01:00:26-0000 [-] LockHandler on Dark cell: access type 'view' changed from 'view:all()' to 'view:false()'
2018-06-16 01:03:09-0000 [-] LockHandler on Dark cell: access type 'view' changed from 'view:false()' to 'view:false()'
2018-06-16 01:03:29-0000 [-] LockHandler on Dark cell: access type 'view' changed from 'view:false()' to 'view:all()'
2018-06-16 01:04:41-0000 [-] LockHandler on Dark cell: access type 'view' changed from 'view:all()' to 'view:false()'
2018-06-16 01:05:29-0000 [-] LockHandler on Dark cell: access type 'view' changed from 'view:false()' to 'view:all()'
2018-06-16 01:06:09-0000 [-] LockHandler on Dark cell: access type 'view' changed from 'view:all()' to 'view:false()'
2018-06-16 01:11:11-0000 [-] LockHandler on north: access type 'puppet' changed from 'puppet:pperm(Developer)' to 'puppet:false()' 
LockHandler on north: access type 'get' changed from 'get:all()' to 'get:false()'
2018-06-16 01:12:08-0000 [-] LockHandler on door: access type 'puppet' changed from 'puppet:pperm(Developer)' to 'puppet:false()' 
LockHandler on door: access type 'get' changed from 'get:all()' to 'get:false()'
2018-06-16 13:22:00-0000 [-] LockHandler on katie: access type 'get' changed from 'get:all()' to 'get:false()' 
LockHandler on katie: access type 'call' changed from 'call:true()' to 'call:false()'
2018-06-16 13:22:00-0000 [-] LockHandler on katie: access type 'puppet' changed from 'puppet:pperm(Developer)' to 'puppet:id(80) or pid(2) or perm(Developer) or pperm(Developer)'
2018-06-16 13:28:01-0000 [-] LockHandler on mtg: access type 'get' changed from 'get:all()' to 'get:false()' 
LockHandler on mtg: access type 'call' changed from 'call:true()' to 'call:false()'
2018-06-16 13:28:01-0000 [-] LockHandler on mtg: access type 'puppet' changed from 'puppet:pperm(Developer)' to 'puppet:id(81) or pid(3) or perm(Developer) or pperm(Developer)'
2018-06-16 13:34:58-0000 [-] LockHandler on Dark cell: access type 'view' changed from 'view:false()' to 'view:false()'
2018-06-16 13:34:58-0000 [-] LockHandler on Dark cell: access type 'view' changed from 'view:false()' to 'view:false()'
2018-06-16 13:36:21-0000 [-] LockHandler on Dark cell: access type 'view' changed from 'view:false()' to 'view:all()'
2018-06-16 13:37:06-0000 [-] LockHandler on Dark cell: access type 'view' changed from 'view:all()' to 'view:all()'
2018-06-16 13:39:21-0000 [-] LockHandler on Dark cell: access type 'view' changed from 'view:all()' to 'view:false()'
2018-06-16 13:40:07-0000 [-] LockHandler on Dark cell: access type 'view' changed from 'view:false()' to 'view:all()'
2018-06-16 13:43:07-0000 [-] LockHandler on Dark cell: access type 'view' changed from 'view:all()' to 'view:false()'
2018-06-16 13:44:08-0000 [-] LockHandler on Dark cell: access type 'view' changed from 'view:false()' to 'view:all()'
2018-06-16 13:47:08-0000 [-] LockHandler on Dark cell: access type 'view' changed from 'view:all()' to 'view:false()'
2018-06-16 13:47:32-0000 [-] LockHandler on Dark cell: access type 'view' changed from 'view:false()' to 'view:all()'
2018-06-16 13:50:32-0000 [-] LockHandler on Dark cell: access type 'view' changed from 'view:all()' to 'view:false()'
2018-06-16 13:50:48-0000 [-] LockHandler on Dark cell: access type 'view' changed from 'view:false()' to 'view:all()'
2018-06-16 13:53:02-0000 [-] LockHandler on Dark cell: access type 'view' changed from 'view:all()' to 'view:false()'
2018-06-16 13:53:54-0000 [-] LockHandler on Dark cell: access type 'view' changed from 'view:false()' to 'view:all()'
2018-06-16 13:55:09-0000 [-] LockHandler on Dark cell: access type 'view' changed from 'view:all()' to 'view:false()'
2018-06-16 13:56:08-0000 [-] LockHandler on Dark cell: access type 'view' changed from 'view:false()' to 'view:false()'
2018-06-16 13:57:21-0000 [-] LockHandler on Dark cell: access type 'view' changed from 'view:false()' to 'view:all()'
2018-06-16 14:00:21-0000 [-] LockHandler on Dark cell: access type 'view' changed from 'view:all()' to 'view:false()'
2018-06-16 14:03:04-0000 [-] LockHandler on Dark cell: access type 'view' changed from 'view:false()' to 'view:false()'
2018-06-16 14:03:15-0000 [-] LockHandler on Dark cell: access type 'view' changed from 'view:false()' to 'view:all()'
2018-06-16 14:04:37-0000 [-] LockHandler on Dark cell: access type 'view' changed from 'view:all()' to 'view:false()'
2018-06-16 14:05:00-0000 [-] LockHandler on Dark cell: access type 'view' changed from 'view:false()' to 'view:all()'
2018-06-16 14:08:00-0000 [-] LockHandler on Dark cell: access type 'view' changed from 'view:all()' to 'view:false()'
2018-06-16 14:12:26-0000 [-] LockHandler on Dark cell: access type 'view' changed from 'view:false()' to 'view:all()'
2018-06-16 14:13:18-0000 [-] LockHandler on Dark cell: access type 'view' changed from 'view:all()' to 'view:all()'
2018-06-16 14:15:26-0000 [-] LockHandler on Dark cell: access type 'view' changed from 'view:all()' to 'view:false()'
2018-06-16 14:15:32-0000 [-] LockHandler on Dark cell: access type 'view' changed from 'view:false()' to 'view:all()'
2018-06-16 14:15:55-0000 [-] LockHandler on Dark cell: access type 'view' changed from 'view:all()' to 'view:all()'
2018-06-16 14:17:07-0000 [-] LockHandler on Dark cell: access type 'view' changed from 'view:all()' to 'view:all()'
2018-06-16 14:18:00-0000 [-] LockHandler on Dark cell: access type 'view' changed from 'view:all()' to 'view:all()'
2018-06-16 14:18:19-0000 [-] LockHandler on Dark cell: access type 'view' changed from 'view:all()' to 'view:false()'
2018-06-16 14:20:41-0000 [-] LockHandler on lilac: access type 'control' changed from 'control:perm(Developer)' to 'control:id(80) or perm(Admin)' 
LockHandler on lilac: access type 'delete' changed from 'delete:perm(Admin)' to 'delete:id(80) or perm(Admin)'
2018-06-16 14:23:41-0000 [-] LockHandler on poster: access type 'control' changed from 'control:perm(Developer)' to 'control:id(81) or perm(Admin)' 
LockHandler on poster: access type 'delete' changed from 'delete:perm(Admin)' to 'delete:id(81) or perm(Admin)'
2018-06-16 14:32:50-0000 [-] LockHandler on Katie's house: access type 'get' changed from 'get:all()' to 'get:false()' 
LockHandler on Katie's house: access type 'puppet' changed from 'puppet:pperm(Developer)' to 'puppet:false()'
2018-06-16 14:32:50-0000 [-] LockHandler on Katie's house: access type 'control' changed from 'control:perm(Developer)' to 'control:id(80) or perm(Admin)' 
LockHandler on Katie's house: access type 'delete' changed from 'delete:perm(Admin)' to ' delete:id(80) or perm(Admin)' 
LockHandler on Katie's house: access type 'edit' changed from 'edit:perm(Admin)' to ' edit:id(80) or perm(Admin)'
2018-06-16 14:32:50-0000 [-] LockHandler on purple door: access type 'puppet' changed from 'puppet:pperm(Developer)' to 'puppet:false()' 
LockHandler on purple door: access type 'get' changed from 'get:all()' to 'get:false()'
2018-06-16 14:32:50-0000 [-] LockHandler on purple door: access type 'control' changed from 'control:perm(Developer)' to 'control:id(80) or perm(Admin)' 
LockHandler on purple door: access type 'delete' changed from 'delete:perm(Admin)' to ' delete:id(80) or perm(Admin)' 
LockHandler on purple door: access type 'edit' changed from 'edit:perm(Admin)' to ' edit:id(80) or perm(Admin)'
2018-06-16 14:33:01-0000 [-] LockHandler on south: access type 'puppet' changed from 'puppet:pperm(Developer)' to 'puppet:false()' 
LockHandler on south: access type 'get' changed from 'get:all()' to 'get:false()'
2018-06-16 14:36:34-0000 [-] LockHandler on Test conference site: access type 'get' changed from 'get:all()' to 'get:false()' 
LockHandler on Test conference site: access type 'puppet' changed from 'puppet:pperm(Developer)' to 'puppet:false()'
2018-06-16 14:36:34-0000 [-] LockHandler on Test conference site: access type 'control' changed from 'control:perm(Developer)' to 'control:id(81) or perm(Admin)' 
LockHandler on Test conference site: access type 'delete' changed from 'delete:perm(Admin)' to ' delete:id(81) or perm(Admin)' 
LockHandler on Test conference site: access type 'edit' changed from 'edit:perm(Admin)' to ' edit:id(81) or perm(Admin)'
2018-06-16 14:36:34-0000 [-] LockHandler on Double glass doors: access type 'puppet' changed from 'puppet:pperm(Developer)' to 'puppet:false()' 
LockHandler on Double glass doors: access type 'get' changed from 'get:all()' to 'get:false()'
2018-06-16 14:36:34-0000 [-] LockHandler on Double glass doors: access type 'control' changed from 'control:perm(Developer)' to 'control:id(81) or perm(Admin)' 
LockHandler on Double glass doors: access type 'delete' changed from 'delete:perm(Admin)' to ' delete:id(81) or perm(Admin)' 
LockHandler on Double glass doors: access type 'edit' changed from 'edit:perm(Admin)' to ' edit:id(81) or perm(Admin)'
2018-06-16 14:36:34-0000 [-] LockHandler on to the outside: access type 'puppet' changed from 'puppet:pperm(Developer)' to 'puppet:false()' 
LockHandler on to the outside: access type 'get' changed from 'get:all()' to 'get:false()'
2018-06-16 14:36:34-0000 [-] LockHandler on to the outside: access type 'control' changed from 'control:perm(Developer)' to 'control:id(81) or perm(Admin)' 
LockHandler on to the outside: access type 'delete' changed from 'delete:perm(Admin)' to ' delete:id(81) or perm(Admin)' 
LockHandler on to the outside: access type 'edit' changed from 'edit:perm(Admin)' to ' edit:id(81) or perm(Admin)'
2018-06-16 14:36:54-0000 [-] LockHandler on icad Conference: access type 'get' changed from 'get:all()' to 'get:false()' 
LockHandler on icad Conference: access type 'puppet' changed from 'puppet:pperm(Developer)' to 'puppet:false()'
2018-06-16 14:36:54-0000 [-] LockHandler on icad Conference: access type 'control' changed from 'control:perm(Developer)' to 'control:id(1) or perm(Admin)' 
LockHandler on icad Conference: access type 'delete' changed from 'delete:perm(Admin)' to ' delete:id(1) or perm(Admin)' 
LockHandler on icad Conference: access type 'edit' changed from 'edit:perm(Admin)' to ' edit:id(1) or perm(Admin)'
2018-06-16 14:36:54-0000 [-] LockHandler on Entrance to the ICAD Conference: access type 'puppet' changed from 'puppet:pperm(Developer)' to 'puppet:false()' 
LockHandler on Entrance to the ICAD Conference: access type 'get' changed from 'get:all()' to 'get:false()'
2018-06-16 14:36:54-0000 [-] LockHandler on Entrance to the ICAD Conference: access type 'control' changed from 'control:perm(Developer)' to 'control:id(1) or perm(Admin)' 
LockHandler on Entrance to the ICAD Conference: access type 'delete' changed from 'delete:perm(Admin)' to ' delete:id(1) or perm(Admin)' 
LockHandler on Entrance to the ICAD Conference: access type 'edit' changed from 'edit:perm(Admin)' to ' edit:id(1) or perm(Admin)'
2018-06-16 14:38:56-0000 [-] LockHandler on north: access type 'puppet' changed from 'puppet:pperm(Developer)' to 'puppet:false()' 
LockHandler on north: access type 'get' changed from 'get:all()' to 'get:false()'
2018-06-16 14:41:17-0000 [-] LockHandler on n: access type 'get' changed from 'get:all()' to 'get:false()' 
LockHandler on n: access type 'puppet' changed from 'puppet:pperm(Developer)' to 'puppet:false()'
2018-06-16 14:41:17-0000 [-] LockHandler on n: access type 'control' changed from 'control:perm(Developer)' to 'control:id(1) or perm(Admin)' 
LockHandler on n: access type 'delete' changed from 'delete:perm(Admin)' to ' delete:id(1) or perm(Admin)' 
LockHandler on n: access type 'edit' changed from 'edit:perm(Admin)' to ' edit:id(1) or perm(Admin)'
2018-06-16 14:41:17-0000 [-] LockHandler on West entrance of Auditorium G002: access type 'puppet' changed from 'puppet:pperm(Developer)' to 'puppet:false()' 
LockHandler on West entrance of Auditorium G002: access type 'get' changed from 'get:all()' to 'get:false()'
2018-06-16 14:41:17-0000 [-] LockHandler on West entrance of Auditorium G002: access type 'control' changed from 'control:perm(Developer)' to 'control:id(1) or perm(Admin)' 
LockHandler on West entrance of Auditorium G002: access type 'delete' changed from 'delete:perm(Admin)' to ' delete:id(1) or perm(Admin)' 
LockHandler on West entrance of Auditorium G002: access type 'edit' changed from 'edit:perm(Admin)' to ' edit:id(1) or perm(Admin)'
2018-06-16 14:42:20-0000 [-] LockHandler on #106: access type 'get' changed from 'get:all()' to 'get:false()' 
LockHandler on #106: access type 'puppet' changed from 'puppet:pperm(Developer)' to 'puppet:false()'
2018-06-16 14:42:20-0000 [-] LockHandler on #106: access type 'control' changed from 'control:perm(Developer)' to 'control:id(1) or perm(Admin)' 
LockHandler on #106: access type 'delete' changed from 'delete:perm(Admin)' to ' delete:id(1) or perm(Admin)' 
LockHandler on #106: access type 'edit' changed from 'edit:perm(Admin)' to ' edit:id(1) or perm(Admin)'
2018-06-16 14:42:20-0000 [-] LockHandler on north: access type 'puppet' changed from 'puppet:pperm(Developer)' to 'puppet:false()' 
LockHandler on north: access type 'get' changed from 'get:all()' to 'get:false()'
2018-06-16 14:42:20-0000 [-] LockHandler on north: access type 'control' changed from 'control:perm(Developer)' to 'control:id(1) or perm(Admin)' 
LockHandler on north: access type 'delete' changed from 'delete:perm(Admin)' to ' delete:id(1) or perm(Admin)' 
LockHandler on north: access type 'edit' changed from 'edit:perm(Admin)' to ' edit:id(1) or perm(Admin)'
2018-06-16 14:42:20-0000 [-] LockHandler on south: access type 'puppet' changed from 'puppet:pperm(Developer)' to 'puppet:false()' 
LockHandler on south: access type 'get' changed from 'get:all()' to 'get:false()'
2018-06-16 14:42:20-0000 [-] LockHandler on south: access type 'control' changed from 'control:perm(Developer)' to 'control:id(1) or perm(Admin)' 
LockHandler on south: access type 'delete' changed from 'delete:perm(Admin)' to ' delete:id(1) or perm(Admin)' 
LockHandler on south: access type 'edit' changed from 'edit:perm(Admin)' to ' edit:id(1) or perm(Admin)'
2018-06-16 14:42:53-0000 [-] LockHandler on Main Aisle: access type 'get' changed from 'get:all()' to 'get:false()' 
LockHandler on Main Aisle: access type 'puppet' changed from 'puppet:pperm(Developer)' to 'puppet:false()'
2018-06-16 14:42:53-0000 [-] LockHandler on Main Aisle: access type 'control' changed from 'control:perm(Developer)' to 'control:id(81) or perm(Admin)' 
LockHandler on Main Aisle: access type 'delete' changed from 'delete:perm(Admin)' to ' delete:id(81) or perm(Admin)' 
LockHandler on Main Aisle: access type 'edit' changed from 'edit:perm(Admin)' to ' edit:id(81) or perm(Admin)'
2018-06-16 14:42:53-0000 [-] LockHandler on east: access type 'puppet' changed from 'puppet:pperm(Developer)' to 'puppet:false()' 
LockHandler on east: access type 'get' changed from 'get:all()' to 'get:false()'
2018-06-16 14:42:53-0000 [-] LockHandler on east: access type 'control' changed from 'control:perm(Developer)' to 'control:id(81) or perm(Admin)' 
LockHandler on east: access type 'delete' changed from 'delete:perm(Admin)' to ' delete:id(81) or perm(Admin)' 
LockHandler on east: access type 'edit' changed from 'edit:perm(Admin)' to ' edit:id(81) or perm(Admin)'
2018-06-16 14:42:53-0000 [-] LockHandler on west: access type 'puppet' changed from 'puppet:pperm(Developer)' to 'puppet:false()' 
LockHandler on west: access type 'get' changed from 'get:all()' to 'get:false()'
2018-06-16 14:42:53-0000 [-] LockHandler on west: access type 'control' changed from 'control:perm(Developer)' to 'control:id(81) or perm(Admin)' 
LockHandler on west: access type 'delete' changed from 'delete:perm(Admin)' to ' delete:id(81) or perm(Admin)' 
LockHandler on west: access type 'edit' changed from 'edit:perm(Admin)' to ' edit:id(81) or perm(Admin)'
2018-06-16 14:45:02-0000 [-] LockHandler on West entrance of Auditorium G002: access type 'get' changed from 'get:all()' to 'get:false()' 
LockHandler on West entrance of Auditorium G002: access type 'puppet' changed from 'puppet:pperm(Developer)' to 'puppet:false()'
2018-06-16 14:45:02-0000 [-] LockHandler on West entrance of Auditorium G002: access type 'control' changed from 'control:perm(Developer)' to 'control:id(1) or perm(Admin)' 
LockHandler on West entrance of Auditorium G002: access type 'delete' changed from 'delete:perm(Admin)' to ' delete:id(1) or perm(Admin)' 
LockHandler on West entrance of Auditorium G002: access type 'edit' changed from 'edit:perm(Admin)' to ' edit:id(1) or perm(Admin)'
2018-06-16 14:45:02-0000 [-] LockHandler on north: access type 'puppet' changed from 'puppet:pperm(Developer)' to 'puppet:false()' 
LockHandler on north: access type 'get' changed from 'get:all()' to 'get:false()'
2018-06-16 14:45:02-0000 [-] LockHandler on north: access type 'control' changed from 'control:perm(Developer)' to 'control:id(1) or perm(Admin)' 
LockHandler on north: access type 'delete' changed from 'delete:perm(Admin)' to ' delete:id(1) or perm(Admin)' 
LockHandler on north: access type 'edit' changed from 'edit:perm(Admin)' to ' edit:id(1) or perm(Admin)'
2018-06-16 14:45:02-0000 [-] LockHandler on south: access type 'puppet' changed from 'puppet:pperm(Developer)' to 'puppet:false()' 
LockHandler on south: access type 'get' changed from 'get:all()' to 'get:false()'
2018-06-16 14:45:02-0000 [-] LockHandler on south: access type 'control' changed from 'control:perm(Developer)' to 'control:id(1) or perm(Admin)' 
LockHandler on south: access type 'delete' changed from 'delete:perm(Admin)' to ' delete:id(1) or perm(Admin)' 
LockHandler on south: access type 'edit' changed from 'edit:perm(Admin)' to ' edit:id(1) or perm(Admin)'
2018-06-16 14:45:46-0000 [-] LockHandler on Behind Partition: access type 'get' changed from 'get:all()' to 'get:false()' 
LockHandler on Behind Partition: access type 'puppet' changed from 'puppet:pperm(Developer)' to 'puppet:false()'
2018-06-16 14:45:46-0000 [-] LockHandler on Behind Partition: access type 'control' changed from 'control:perm(Developer)' to 'control:id(1) or perm(Admin)' 
LockHandler on Behind Partition: access type 'delete' changed from 'delete:perm(Admin)' to ' delete:id(1) or perm(Admin)' 
LockHandler on Behind Partition: access type 'edit' changed from 'edit:perm(Admin)' to ' edit:id(1) or perm(Admin)'
2018-06-16 14:45:46-0000 [-] LockHandler on east: access type 'puppet' changed from 'puppet:pperm(Developer)' to 'puppet:false()' 
LockHandler on east: access type 'get' changed from 'get:all()' to 'get:false()'
2018-06-16 14:45:46-0000 [-] LockHandler on east: access type 'control' changed from 'control:perm(Developer)' to 'control:id(1) or perm(Admin)' 
LockHandler on east: access type 'delete' changed from 'delete:perm(Admin)' to ' delete:id(1) or perm(Admin)' 
LockHandler on east: access type 'edit' changed from 'edit:perm(Admin)' to ' edit:id(1) or perm(Admin)'
2018-06-16 14:45:46-0000 [-] LockHandler on west: access type 'puppet' changed from 'puppet:pperm(Developer)' to 'puppet:false()' 
LockHandler on west: access type 'get' changed from 'get:all()' to 'get:false()'
2018-06-16 14:45:46-0000 [-] LockHandler on west: access type 'control' changed from 'control:perm(Developer)' to 'control:id(1) or perm(Admin)' 
LockHandler on west: access type 'delete' changed from 'delete:perm(Admin)' to ' delete:id(1) or perm(Admin)' 
LockHandler on west: access type 'edit' changed from 'edit:perm(Admin)' to ' edit:id(1) or perm(Admin)'
2018-06-16 14:46:17-0000 [-] LockHandler on East Entrance of Auditorium G002: access type 'get' changed from 'get:all()' to 'get:false()' 
LockHandler on East Entrance of Auditorium G002: access type 'puppet' changed from 'puppet:pperm(Developer)' to 'puppet:false()'
2018-06-16 14:46:17-0000 [-] LockHandler on East Entrance of Auditorium G002: access type 'control' changed from 'control:perm(Developer)' to 'control:id(1) or perm(Admin)' 
LockHandler on East Entrance of Auditorium G002: access type 'delete' changed from 'delete:perm(Admin)' to ' delete:id(1) or perm(Admin)' 
LockHandler on East Entrance of Auditorium G002: access type 'edit' changed from 'edit:perm(Admin)' to ' edit:id(1) or perm(Admin)'
2018-06-16 14:46:17-0000 [-] LockHandler on east: access type 'puppet' changed from 'puppet:pperm(Developer)' to 'puppet:false()' 
LockHandler on east: access type 'get' changed from 'get:all()' to 'get:false()'
2018-06-16 14:46:17-0000 [-] LockHandler on east: access type 'control' changed from 'control:perm(Developer)' to 'control:id(1) or perm(Admin)' 
LockHandler on east: access type 'delete' changed from 'delete:perm(Admin)' to ' delete:id(1) or perm(Admin)' 
LockHandler on east: access type 'edit' changed from 'edit:perm(Admin)' to ' edit:id(1) or perm(Admin)'
2018-06-16 14:46:17-0000 [-] LockHandler on west: access type 'puppet' changed from 'puppet:pperm(Developer)' to 'puppet:false()' 
LockHandler on west: access type 'get' changed from 'get:all()' to 'get:false()'
2018-06-16 14:46:17-0000 [-] LockHandler on west: access type 'control' changed from 'control:perm(Developer)' to 'control:id(1) or perm(Admin)' 
LockHandler on west: access type 'delete' changed from 'delete:perm(Admin)' to ' delete:id(1) or perm(Admin)' 
LockHandler on west: access type 'edit' changed from 'edit:perm(Admin)' to ' edit:id(1) or perm(Admin)'
2018-06-16 14:46:46-0000 [-] LockHandler on West Isle: access type 'get' changed from 'get:all()' to 'get:false()' 
LockHandler on West Isle: access type 'puppet' changed from 'puppet:pperm(Developer)' to 'puppet:false()'
2018-06-16 14:46:46-0000 [-] LockHandler on West Isle: access type 'control' changed from 'control:perm(Developer)' to 'control:id(1) or perm(Admin)' 
LockHandler on West Isle: access type 'delete' changed from 'delete:perm(Admin)' to ' delete:id(1) or perm(Admin)' 
LockHandler on West Isle: access type 'edit' changed from 'edit:perm(Admin)' to ' edit:id(1) or perm(Admin)'
2018-06-16 14:46:46-0000 [-] LockHandler on north: access type 'puppet' changed from 'puppet:pperm(Developer)' to 'puppet:false()' 
LockHandler on north: access type 'get' changed from 'get:all()' to 'get:false()'
2018-06-16 14:46:46-0000 [-] LockHandler on north: access type 'control' changed from 'control:perm(Developer)' to 'control:id(1) or perm(Admin)' 
LockHandler on north: access type 'delete' changed from 'delete:perm(Admin)' to ' delete:id(1) or perm(Admin)' 
LockHandler on north: access type 'edit' changed from 'edit:perm(Admin)' to ' edit:id(1) or perm(Admin)'
2018-06-16 14:46:46-0000 [-] LockHandler on south: access type 'puppet' changed from 'puppet:pperm(Developer)' to 'puppet:false()' 
LockHandler on south: access type 'get' changed from 'get:all()' to 'get:false()'
2018-06-16 14:46:46-0000 [-] LockHandler on south: access type 'control' changed from 'control:perm(Developer)' to 'control:id(1) or perm(Admin)' 
LockHandler on south: access type 'delete' changed from 'delete:perm(Admin)' to ' delete:id(1) or perm(Admin)' 
LockHandler on south: access type 'edit' changed from 'edit:perm(Admin)' to ' edit:id(1) or perm(Admin)'
2018-06-16 14:47:28-0000 [-] LockHandler on Front corner of Auditorium: access type 'get' changed from 'get:all()' to 'get:false()' 
LockHandler on Front corner of Auditorium: access type 'puppet' changed from 'puppet:pperm(Developer)' to 'puppet:false()'
2018-06-16 14:47:28-0000 [-] LockHandler on Front corner of Auditorium: access type 'control' changed from 'control:perm(Developer)' to 'control:id(1) or perm(Admin)' 
LockHandler on Front corner of Auditorium: access type 'delete' changed from 'delete:perm(Admin)' to ' delete:id(1) or perm(Admin)' 
LockHandler on Front corner of Auditorium: access type 'edit' changed from 'edit:perm(Admin)' to ' edit:id(1) or perm(Admin)'
2018-06-16 14:47:28-0000 [-] LockHandler on north: access type 'puppet' changed from 'puppet:pperm(Developer)' to 'puppet:false()' 
LockHandler on north: access type 'get' changed from 'get:all()' to 'get:false()'
2018-06-16 14:47:28-0000 [-] LockHandler on north: access type 'control' changed from 'control:perm(Developer)' to 'control:id(1) or perm(Admin)' 
LockHandler on north: access type 'delete' changed from 'delete:perm(Admin)' to ' delete:id(1) or perm(Admin)' 
LockHandler on north: access type 'edit' changed from 'edit:perm(Admin)' to ' edit:id(1) or perm(Admin)'
2018-06-16 14:47:28-0000 [-] LockHandler on south: access type 'puppet' changed from 'puppet:pperm(Developer)' to 'puppet:false()' 
LockHandler on south: access type 'get' changed from 'get:all()' to 'get:false()'
2018-06-16 14:47:28-0000 [-] LockHandler on south: access type 'control' changed from 'control:perm(Developer)' to 'control:id(1) or perm(Admin)' 
LockHandler on south: access type 'delete' changed from 'delete:perm(Admin)' to ' delete:id(1) or perm(Admin)' 
LockHandler on south: access type 'edit' changed from 'edit:perm(Admin)' to ' edit:id(1) or perm(Admin)'
2018-06-16 14:47:42-0000 [-] LockHandler on Projector screen: access type 'get' changed from 'get:all()' to 'get:false()' 
LockHandler on Projector screen: access type 'puppet' changed from 'puppet:pperm(Developer)' to 'puppet:false()'
2018-06-16 14:47:42-0000 [-] LockHandler on Projector screen: access type 'control' changed from 'control:perm(Developer)' to 'control:id(1) or perm(Admin)' 
LockHandler on Projector screen: access type 'delete' changed from 'delete:perm(Admin)' to ' delete:id(1) or perm(Admin)' 
LockHandler on Projector screen: access type 'edit' changed from 'edit:perm(Admin)' to ' edit:id(1) or perm(Admin)'
2018-06-16 14:47:42-0000 [-] LockHandler on east: access type 'puppet' changed from 'puppet:pperm(Developer)' to 'puppet:false()' 
LockHandler on east: access type 'get' changed from 'get:all()' to 'get:false()'
2018-06-16 14:47:42-0000 [-] LockHandler on east: access type 'control' changed from 'control:perm(Developer)' to 'control:id(1) or perm(Admin)' 
LockHandler on east: access type 'delete' changed from 'delete:perm(Admin)' to ' delete:id(1) or perm(Admin)' 
LockHandler on east: access type 'edit' changed from 'edit:perm(Admin)' to ' edit:id(1) or perm(Admin)'
2018-06-16 14:47:42-0000 [-] LockHandler on west: access type 'puppet' changed from 'puppet:pperm(Developer)' to 'puppet:false()' 
LockHandler on west: access type 'get' changed from 'get:all()' to 'get:false()'
2018-06-16 14:47:42-0000 [-] LockHandler on west: access type 'control' changed from 'control:perm(Developer)' to 'control:id(1) or perm(Admin)' 
LockHandler on west: access type 'delete' changed from 'delete:perm(Admin)' to ' delete:id(1) or perm(Admin)' 
LockHandler on west: access type 'edit' changed from 'edit:perm(Admin)' to ' edit:id(1) or perm(Admin)'
2018-06-16 14:47:54-0000 [-] LockHandler on Presenter's Desk: access type 'get' changed from 'get:all()' to 'get:false()' 
LockHandler on Presenter's Desk: access type 'puppet' changed from 'puppet:pperm(Developer)' to 'puppet:false()'
2018-06-16 14:47:54-0000 [-] LockHandler on Presenter's Desk: access type 'control' changed from 'control:perm(Developer)' to 'control:id(1) or perm(Admin)' 
LockHandler on Presenter's Desk: access type 'delete' changed from 'delete:perm(Admin)' to ' delete:id(1) or perm(Admin)' 
LockHandler on Presenter's Desk: access type 'edit' changed from 'edit:perm(Admin)' to ' edit:id(1) or perm(Admin)'
2018-06-16 14:47:54-0000 [-] LockHandler on east: access type 'puppet' changed from 'puppet:pperm(Developer)' to 'puppet:false()' 
LockHandler on east: access type 'get' changed from 'get:all()' to 'get:false()'
2018-06-16 14:47:54-0000 [-] LockHandler on east: access type 'control' changed from 'control:perm(Developer)' to 'control:id(1) or perm(Admin)' 
LockHandler on east: access type 'delete' changed from 'delete:perm(Admin)' to ' delete:id(1) or perm(Admin)' 
LockHandler on east: access type 'edit' changed from 'edit:perm(Admin)' to ' edit:id(1) or perm(Admin)'
2018-06-16 14:47:54-0000 [-] LockHandler on west: access type 'puppet' changed from 'puppet:pperm(Developer)' to 'puppet:false()' 
LockHandler on west: access type 'get' changed from 'get:all()' to 'get:false()'
2018-06-16 14:47:54-0000 [-] LockHandler on west: access type 'control' changed from 'control:perm(Developer)' to 'control:id(1) or perm(Admin)' 
LockHandler on west: access type 'delete' changed from 'delete:perm(Admin)' to ' delete:id(1) or perm(Admin)' 
LockHandler on west: access type 'edit' changed from 'edit:perm(Admin)' to ' edit:id(1) or perm(Admin)'
2018-06-16 14:48:11-0000 [-] LockHandler on Rows of Pulldown Seats: access type 'get' changed from 'get:all()' to 'get:false()' 
LockHandler on Rows of Pulldown Seats: access type 'puppet' changed from 'puppet:pperm(Developer)' to 'puppet:false()'
2018-06-16 14:48:11-0000 [-] LockHandler on Rows of Pulldown Seats: access type 'control' changed from 'control:perm(Developer)' to 'control:id(1) or perm(Admin)' 
LockHandler on Rows of Pulldown Seats: access type 'delete' changed from 'delete:perm(Admin)' to ' delete:id(1) or perm(Admin)' 
LockHandler on Rows of Pulldown Seats: access type 'edit' changed from 'edit:perm(Admin)' to ' edit:id(1) or perm(Admin)'
2018-06-16 14:48:11-0000 [-] LockHandler on south: access type 'puppet' changed from 'puppet:pperm(Developer)' to 'puppet:false()' 
LockHandler on south: access type 'get' changed from 'get:all()' to 'get:false()'
2018-06-16 14:48:11-0000 [-] LockHandler on south: access type 'control' changed from 'control:perm(Developer)' to 'control:id(1) or perm(Admin)' 
LockHandler on south: access type 'delete' changed from 'delete:perm(Admin)' to ' delete:id(1) or perm(Admin)' 
LockHandler on south: access type 'edit' changed from 'edit:perm(Admin)' to ' edit:id(1) or perm(Admin)'
2018-06-16 14:48:11-0000 [-] LockHandler on north: access type 'puppet' changed from 'puppet:pperm(Developer)' to 'puppet:false()' 
LockHandler on north: access type 'get' changed from 'get:all()' to 'get:false()'
2018-06-16 14:48:11-0000 [-] LockHandler on north: access type 'control' changed from 'control:perm(Developer)' to 'control:id(1) or perm(Admin)' 
LockHandler on north: access type 'delete' changed from 'delete:perm(Admin)' to ' delete:id(1) or perm(Admin)' 
LockHandler on north: access type 'edit' changed from 'edit:perm(Admin)' to ' edit:id(1) or perm(Admin)'
2018-06-16 14:50:37-0000 [-] LockHandler on w: access type 'puppet' changed from 'puppet:pperm(Developer)' to 'puppet:false()' 
LockHandler on w: access type 'get' changed from 'get:all()' to 'get:false()'
2018-06-16 14:52:05-0000 [-] LockHandler on east: access type 'puppet' changed from 'puppet:pperm(Developer)' to 'puppet:false()' 
LockHandler on east: access type 'get' changed from 'get:all()' to 'get:false()'
2018-06-16 14:52:44-0000 [-] LockHandler on East Isle: access type 'get' changed from 'get:all()' to 'get:false()' 
LockHandler on East Isle: access type 'puppet' changed from 'puppet:pperm(Developer)' to 'puppet:false()'
2018-06-16 14:52:44-0000 [-] LockHandler on East Isle: access type 'control' changed from 'control:perm(Developer)' to 'control:id(1) or perm(Admin)' 
LockHandler on East Isle: access type 'delete' changed from 'delete:perm(Admin)' to ' delete:id(1) or perm(Admin)' 
LockHandler on East Isle: access type 'edit' changed from 'edit:perm(Admin)' to ' edit:id(1) or perm(Admin)'
2018-06-16 14:52:44-0000 [-] LockHandler on south: access type 'puppet' changed from 'puppet:pperm(Developer)' to 'puppet:false()' 
LockHandler on south: access type 'get' changed from 'get:all()' to 'get:false()'
2018-06-16 14:52:44-0000 [-] LockHandler on south: access type 'control' changed from 'control:perm(Developer)' to 'control:id(1) or perm(Admin)' 
LockHandler on south: access type 'delete' changed from 'delete:perm(Admin)' to ' delete:id(1) or perm(Admin)' 
LockHandler on south: access type 'edit' changed from 'edit:perm(Admin)' to ' edit:id(1) or perm(Admin)'
2018-06-16 14:52:44-0000 [-] LockHandler on north: access type 'puppet' changed from 'puppet:pperm(Developer)' to 'puppet:false()' 
LockHandler on north: access type 'get' changed from 'get:all()' to 'get:false()'
2018-06-16 14:52:44-0000 [-] LockHandler on north: access type 'control' changed from 'control:perm(Developer)' to 'control:id(1) or perm(Admin)' 
LockHandler on north: access type 'delete' changed from 'delete:perm(Admin)' to ' delete:id(1) or perm(Admin)' 
LockHandler on north: access type 'edit' changed from 'edit:perm(Admin)' to ' edit:id(1) or perm(Admin)'
2018-06-16 14:53:12-0000 [-] LockHandler on west: access type 'puppet' changed from 'puppet:pperm(Developer)' to 'puppet:false()' 
LockHandler on west: access type 'get' changed from 'get:all()' to 'get:false()'
2018-06-16 14:53:43-0000 [-] LockHandler on east: access type 'puppet' changed from 'puppet:pperm(Developer)' to 'puppet:false()' 
LockHandler on east: access type 'get' changed from 'get:all()' to 'get:false()'
2018-06-16 14:54:35-0000 [-] LockHandler on south: access type 'puppet' changed from 'puppet:pperm(Developer)' to 'puppet:false()' 
LockHandler on south: access type 'get' changed from 'get:all()' to 'get:false()'
2018-06-16 14:55:07-0000 [-] LockHandler on north: access type 'puppet' changed from 'puppet:pperm(Developer)' to 'puppet:false()' 
LockHandler on north: access type 'get' changed from 'get:all()' to 'get:false()'